C:\USERS\SHANEVM\DOCUMENTS\VISUAL STUDIO 2010\PROJECTS\A3\A3\DEBUG\A3.EXE.EMBED.MANIFEST
C:\USERS\SHANEVM\DOCUMENTS\VISUAL STUDIO 2010\PROJECTS\A3\A3\DEBUG\A3.EXE.EMBED.MANIFEST.RES
C:\USERS\SHANEVM\DOCUMENTS\VISUAL STUDIO 2010\PROJECTS\A3\A3\DEBUG\A3.EXE.INTERMEDIATE.MANIFEST
C:\USERS\SHANEVM\DOCUMENTS\VISUAL STUDIO 2010\PROJECTS\A3\A3\DEBUG\A3.OBJ
C:\USERS\SHANEVM\DOCUMENTS\VISUAL STUDIO 2010\PROJECTS\A3\A3\DEBUG\A3.PCH
C:\USERS\SHANEVM\DOCUMENTS\VISUAL STUDIO 2010\PROJECTS\A3\A3\DEBUG\STDAFX.OBJ
C:\USERS\SHANEVM\DOCUMENTS\VISUAL STUDIO 2010\PROJECTS\A3\A3\DEBUG\VC100.PDB
C:\USERS\SHANEVM\DOCUMENTS\VISUAL STUDIO 2010\PROJECTS\A3\DEBUG\A3.EXE
C:\USERS\SHANEVM\DOCUMENTS\VISUAL STUDIO 2010\PROJECTS\A3\DEBUG\A3.ILK
C:\USERS\SHANEVM\DOCUMENTS\VISUAL STUDIO 2010\PROJECTS\A3\DEBUG\A3.PDB
D:\EXCHANGE\a3\a3\Debug\a3.exe.embed.manifest
D:\EXCHANGE\A3\A3\DEBUG\A3.EXE.EMBED.MANIFEST.RES
D:\EXCHANGE\A3\A3\DEBUG\A3.EXE.INTERMEDIATE.MANIFEST
D:\EXCHANGE\A3\A3\DEBUG\A3.OBJ
D:\EXCHANGE\A3\A3\DEBUG\A3.PCH
D:\EXCHANGE\a3\a3\Debug\a3_manifest.rc
D:\EXCHANGE\a3\a3\Debug\cl.command.1.tlog
D:\EXCHANGE\a3\a3\Debug\CL.read.1.tlog
D:\EXCHANGE\a3\a3\Debug\CL.write.1.tlog
D:\EXCHANGE\a3\a3\Debug\link.1820.read.1.tlog
D:\EXCHANGE\a3\a3\Debug\link.1820.write.1.tlog
D:\EXCHANGE\a3\a3\Debug\link.1820-cvtres.read.1.tlog
D:\EXCHANGE\a3\a3\Debug\link.1820-cvtres.write.1.tlog
D:\EXCHANGE\a3\a3\Debug\link.1908.read.1.tlog
D:\EXCHANGE\a3\a3\Debug\link.1908.write.1.tlog
D:\EXCHANGE\a3\a3\Debug\link.1908-cvtres.read.1.tlog
D:\EXCHANGE\a3\a3\Debug\link.1908-cvtres.write.1.tlog
D:\EXCHANGE\a3\a3\Debug\link.3816.read.1.tlog
D:\EXCHANGE\a3\a3\Debug\link.3816.write.1.tlog
D:\EXCHANGE\a3\a3\Debug\link.3816-cvtres.read.1.tlog
D:\EXCHANGE\a3\a3\Debug\link.3816-cvtres.write.1.tlog
D:\EXCHANGE\a3\a3\Debug\link.command.1.tlog
D:\EXCHANGE\a3\a3\Debug\link.read.1.tlog
D:\EXCHANGE\a3\a3\Debug\link.write.1.tlog
D:\EXCHANGE\a3\a3\Debug\link-cvtres.read.1.tlog
D:\EXCHANGE\a3\a3\Debug\link-cvtres.write.1.tlog
D:\EXCHANGE\a3\a3\Debug\mt.command.1.tlog
D:\EXCHANGE\a3\a3\Debug\mt.read.1.tlog
D:\EXCHANGE\a3\a3\Debug\mt.write.1.tlog
D:\EXCHANGE\a3\a3\Debug\rc.command.1.tlog
D:\EXCHANGE\a3\a3\Debug\rc.read.1.tlog
D:\EXCHANGE\a3\a3\Debug\rc.write.1.tlog
D:\EXCHANGE\A3\A3\DEBUG\STDAFX.OBJ
D:\EXCHANGE\a3\a3\Debug\vc100.idb
D:\EXCHANGE\A3\A3\DEBUG\VC100.PDB
D:\EXCHANGE\A3\DEBUG\A3.EXE
D:\EXCHANGE\A3\DEBUG\A3.ILK
D:\EXCHANGE\A3\DEBUG\A3.PDB
