生成启动时间为 2012/7/18 9:21:00。
     1>项目“D:\EXCHANGE\NewClassSystem\DirectShow\Proj\A3\a3\a3.vcxproj”在节点 2 上(build 个目标)。
     1>PrepareForBuild:
         正在创建目录“D:\EXCHANGE\NewClassSystem\DirectShow\Proj\A3\Release\”。
       InitializeBuildStatus:
         正在创建“Release\a3.unsuccessfulbuild”，因为已指定“AlwaysCreate”。
       ClCompile:
         C:\Program Files\Microsoft Visual Studio 10.0\VC\bin\CL.exe /c /Zi /nologo /W3 /WX- /O2 /Oi /Oy- /GL /D WIN32 /D NDEBUG /D _CONSOLE /D _UNICODE /D UNICODE /Gm- /EHsc /MD /GS /Gy /fp:precise /Zc:wchar_t /Zc:forScope /Yc"StdAfx.h" /Fp"Release\a3.pch" /Fo"Release\\" /Fd"Release\vc100.pdb" /Gd /TP /analyze- /errorReport:prompt stdafx.cpp
         stdafx.cpp
         C:\Program Files\Microsoft Visual Studio 10.0\VC\bin\CL.exe /c /Zi /nologo /W3 /WX- /O2 /Oi /Oy- /GL /D WIN32 /D NDEBUG /D _CONSOLE /D _UNICODE /D UNICODE /Gm- /EHsc /MD /GS /Gy /fp:precise /Zc:wchar_t /Zc:forScope /Yu"StdAfx.h" /Fp"Release\a3.pch" /Fo"Release\\" /Fd"Release\vc100.pdb" /Gd /TP /analyze- /errorReport:prompt a3.cpp
         a3.cpp
       Link:
         C:\Program Files\Microsoft Visual Studio 10.0\VC\bin\link.exe /ERRORREPORT:PROMPT /OUT:"D:\EXCHANGE\NewClassSystem\DirectShow\Proj\A3\Release\a3.exe" /INCREMENTAL:NO /NOLOGO kernel32.lib user32.lib gdi32.lib winspool.lib comdlg32.lib advapi32.lib shell32.lib ole32.lib oleaut32.lib uuid.lib odbc32.lib odbccp32.lib /MANIFEST /ManifestFile:"Release\a3.exe.intermediate.manifest" /MANIFESTUAC:"level='asInvoker' uiAccess='false'" /DEBUG /PDB:"D:\EXCHANGE\NewClassSystem\DirectShow\Proj\A3\Release\a3.pdb" /SUBSYSTEM:CONSOLE /OPT:REF /OPT:ICF /LTCG /TLBID:1 /DYNAMICBASE /NXCOMPAT /IMPLIB:"D:\EXCHANGE\NewClassSystem\DirectShow\Proj\A3\Release\a3.lib" /MACHINE:X86 Release\a3.obj
         Release\stdafx.obj
         正在生成代码
         已完成代码的生成
         a3.vcxproj -> D:\EXCHANGE\NewClassSystem\DirectShow\Proj\A3\Release\a3.exe
       Manifest:
         C:\Program Files\Microsoft SDKs\Windows\v7.0A\bin\mt.exe /nologo /verbose /outputresource:"D:\EXCHANGE\NewClassSystem\DirectShow\Proj\A3\Release\a3.exe;#1" /manifest Release\a3.exe.intermediate.manifest
       FinalizeBuildStatus:
         正在删除文件“Release\a3.unsuccessfulbuild”。
         正在对“Release\a3.lastbuildstate”执行 Touch 任务。
     1>已完成生成项目“D:\EXCHANGE\NewClassSystem\DirectShow\Proj\A3\a3\a3.vcxproj”(build 个目标)的操作。

生成成功。

已用时间 00:00:02.41
